C:\Program Files\Microsoft Visual Studio\2022\Community\MSBuild\Microsoft\VC\v170\Microsoft.CppBuild.targets(517,5): warning MSB8004: Output Directory does not end with a trailing slash.  This build instance will add the slash as it is required to allow proper evaluation of the Output Directory.
  CGUIFont.cpp
  CShaderPre.cpp
  DebugConsole.cpp
  EditBox.cpp
C:\LimeDir\Lime\IrrHandling.h(3,10): error C1083: Cannot open include file: 'irrKlang.h': No such file or directory
  (compiling source file 'DebugConsole.cpp')
  
C:\LimeDir\Lime\IrrHandling.h(3,10): error C1083: Cannot open include file: 'irrKlang.h': No such file or directory
  (compiling source file 'EditBox.cpp')
  
  EffectHandler.cpp
  IrrHandling.cpp
C:\LimeDir\Lime\IrrHandling.h(3,10): error C1083: Cannot open include file: 'irrKlang.h': No such file or directory
  (compiling source file 'IrrHandling.cpp')
  
  Lime.cpp
C:\LimeDir\Lime\IrrHandling.h(3,10): error C1083: Cannot open include file: 'irrKlang.h': No such file or directory
  (compiling source file 'Lime.cpp')
  
  Line.cpp
C:\LimeDir\Lime\Line.cpp(30,20): warning C4244: '=': conversion from 'time_t' to 'irr::u32', possible loss of data
C:\LimeDir\Lime\Line.cpp(40,20): warning C4244: '=': conversion from 'time_t' to 'irr::u32', possible loss of data
C:\LimeDir\Lime\Line.cpp(77,20): warning C4244: '=': conversion from 'time_t' to 'irr::u32', possible loss of data
C:\LimeDir\Lime\Line.cpp(90,15): warning C4244: 'initializing': conversion from 'time_t' to 'irr::u32', possible loss of data
  LuaLime.cpp
C:\LimeDir\Lime\IrrHandling.h(3,10): error C1083: Cannot open include file: 'irrKlang.h': No such file or directory
  (compiling source file 'LuaLime.cpp')
  
  os.cpp
  Sound.cpp
C:\LimeDir\Lime\IrrHandling.h(3,10): error C1083: Cannot open include file: 'irrKlang.h': No such file or directory
  (compiling source file 'Sound.cpp')
  
  TextArea.cpp
C:\LimeDir\Lime\TextArea.cpp(124,19): warning C4267: 'return': conversion from 'size_t' to 'irr::u32', possible loss of data
C:\LimeDir\Lime\TextArea.cpp(239,30): warning C4267: '=': conversion from 'size_t' to 'irr::s32', possible loss of data
C:\LimeDir\Lime\TextArea.cpp(449,29): warning C4267: '=': conversion from 'size_t' to 'irr::s32', possible loss of data
C:\LimeDir\Lime\TextArea.cpp(483,19): warning C4267: '=': conversion from 'size_t' to 'irr::u32', possible loss of data
C:\LimeDir\Lime\TextArea.cpp(613,31): warning C4267: '=': conversion from 'size_t' to 'irr::u32', possible loss of data
C:\LimeDir\Lime\TextArea.cpp(614,26): warning C4267: '=': conversion from 'size_t' to 'irr::u32', possible loss of data
C:\LimeDir\Lime\TextArea.cpp(617,26): warning C4267: '=': conversion from 'size_t' to 'irr::u32', possible loss of data
C:\LimeDir\Lime\TextArea.cpp(697,15): warning C4267: 'initializing': conversion from 'size_t' to 'irr::u32', possible loss of data
C:\LimeDir\irrlicht-1.8.5\include\irrString.h(1303,29): warning C4267: 'initializing': conversion from 'size_t' to 'irr::u32', possible loss of data
  (compiling source file 'TextArea.cpp')
  C:\LimeDir\irrlicht-1.8.5\include\irrString.h(1303,29):
  the template instantiation context (the oldest one first) is
  	C:\LimeDir\Lime\TextArea.cpp(510,18):
  	see reference to function template instantiation 'irr::u32 irr::core::string<wchar_t,irr::core::irrAllocator<T>>::split<std::vector<irr::core::stringw,std::allocator<irr::core::stringw>>>(container &,const T *const ,irr::u32,bool,bool) const' being compiled
          with
          [
              T=wchar_t,
              container=std::vector<irr::core::stringw,std::allocator<irr::core::stringw>>
          ]
  		C:\LimeDir\Lime\TextArea.cpp(510,24):
  		see the first reference to 'irr::core::string<wchar_t,irr::core::irrAllocator<T>>::split' in 'TextArea::updateVisibleLines'
          with
          [
              T=wchar_t
          ]
  
C:\LimeDir\irrlicht-1.8.5\include\irrString.h(1303,20): warning C4267: 'initializing': conversion from 'size_t' to 'const irr::u32', possible loss of data
  (compiling source file 'TextArea.cpp')
  
C:\LimeDir\irrlicht-1.8.5\include\irrString.h(1325,20): warning C4267: 'return': conversion from 'size_t' to 'irr::u32', possible loss of data
  (compiling source file 'TextArea.cpp')
  
  Generating Code...
