d:\irrlicht\lime\lime\x64\release\vc143.pdb
d:\irrlicht\lime\lime\x64\release\text3d.obj
d:\irrlicht\lime\lime\x64\release\text2d.obj
d:\irrlicht\lime\lime\x64\release\staticmesh.obj
d:\irrlicht\lime\lime\x64\release\sound.obj
d:\irrlicht\lime\lime\x64\release\particlesystem.obj
d:\irrlicht\lime\lime\x64\release\packet.obj
d:\irrlicht\lime\lime\x64\release\networkhandler.obj
d:\irrlicht\lime\lime\x64\release\meshbuffer.obj
d:\irrlicht\lime\lime\x64\release\material.obj
d:\irrlicht\lime\lime\x64\release\lualime.obj
d:\irrlicht\lime\lime\x64\release\lime.obj
d:\irrlicht\lime\lime\x64\release\light.obj
d:\irrlicht\lime\lime\x64\release\legacylight.obj
d:\irrlicht\lime\lime\x64\release\irrhandling.obj
d:\irrlicht\lime\lime\x64\release\image2d.obj
d:\irrlicht\lime\lime\x64\release\hitbox.obj
d:\irrlicht\lime\lime\x64\release\empty.obj
d:\irrlicht\lime\lime\x64\release\editbox.obj
d:\irrlicht\lime\lime\x64\release\camera3d.obj
d:\irrlicht\lime\lime\x64\release\billboard.obj
d:\irrlicht\lime\lime\x64\release\watermesh.obj
d:\irrlicht\lime\lime\x64\release\vector3d.obj
d:\irrlicht\lime\lime\x64\release\vector2d.obj
d:\irrlicht\lime\lime\x64\release\trail.obj
d:\irrlicht\lime\lime\x64\release\texture.obj
d:\irrlicht\lime\lime\x64\release\limereceiver.obj
d:\irrlicht\lime\lime\x64\release\debugconsole.obj
d:\irrlicht\lime\lime\x64\release\vector4d.obj
d:\irrlicht\lime\lime\x64\release\line.obj
d:\irrlicht\lime\lime\x64\release\ghosttrailscenenode.obj
d:\irrlicht\lime\lime\x64\release\effecthandler.obj
d:\irrlicht\lime\lime\x64\release\cshaderpre.obj
d:\irrlicht\lime\lime\x64\release\cguifont.obj
d:\irrlicht\lime\lime\x64\release\textarea.obj
d:\irrlicht\lime\lime\x64\release\os.obj
d:\irrlicht\lime\x64\release\assimp-vc143-mt.dll
d:\irrlicht\lime\x64\release\poly2tri.dll
d:\irrlicht\lime\x64\release\minizip.dll
d:\irrlicht\lime\x64\release\zlib1.dll
d:\irrlicht\lime\x64\release\pugixml.dll
d:\irrlicht\lime\x64\release\lime.exe
d:\irrlicht\lime\x64\release\lime.pdb
d:\irrlicht\lime\lime\x64\release\lime.ipdb
d:\irrlicht\lime\lime\x64\release\lime.iobj
d:\irrlicht\lime\lime\x64\release\irrassimp.obj
d:\irrlicht\lime\lime\x64\release\irrassimpexport.obj
d:\irrlicht\lime\lime\x64\release\irrassimpimport.obj
d:\irrlicht\lime\lime\x64\release\irrassimputils.obj
d:\irrlicht\lime\lime\x64\release\sun.obj
d:\irrlicht\lime\lime\x64\release\lime.res
d:\irrlicht\lime\lime\x64\release\lime.tlog\cl.command.1.tlog
d:\irrlicht\lime\lime\x64\release\lime.tlog\cl.items.tlog
d:\irrlicht\lime\lime\x64\release\lime.tlog\cl.read.1.tlog
d:\irrlicht\lime\lime\x64\release\lime.tlog\cl.write.1.tlog
d:\irrlicht\lime\lime\x64\release\lime.tlog\lime.write.1u.tlog
d:\irrlicht\lime\lime\x64\release\lime.tlog\link.command.1.tlog
d:\irrlicht\lime\lime\x64\release\lime.tlog\link.read.1.tlog
d:\irrlicht\lime\lime\x64\release\lime.tlog\link.secondary.1.tlog
d:\irrlicht\lime\lime\x64\release\lime.tlog\link.write.1.tlog
d:\irrlicht\lime\lime\x64\release\lime.tlog\rc.command.1.tlog
