  Billboard.cpp
D:\Irrlicht\Lime\EffectHandler.h(212,21): warning C4305: 'initializing': truncation from 'double' to 'irr::f32'
  (compiling source file 'Billboard.cpp')
  
D:\Irrlicht\Lime\EffectHandler.h(311,21): warning C4018: '<': signed/unsigned mismatch
  (compiling source file 'Billboard.cpp')
  
  Camera3D.cpp
D:\Irrlicht\Lime\EffectHandler.h(212,21): warning C4305: 'initializing': truncation from 'double' to 'irr::f32'
  (compiling source file 'Camera3D.cpp')
  
D:\Irrlicht\Lime\EffectHandler.h(311,21): warning C4018: '<': signed/unsigned mismatch
  (compiling source file 'Camera3D.cpp')
  
D:\Irrlicht\Lime\DrawSphere.h(19,19): warning C4267: 'initializing': conversion from 'size_t' to 'u32', possible loss of data
  (compiling source file 'Camera3D.cpp')
  
D:\Irrlicht\Lime\DrawSphere.h(24,19): warning C4244: 'initializing': conversion from 'double' to 'float', possible loss of data
  (compiling source file 'Camera3D.cpp')
  
D:\Irrlicht\Lime\DrawSphere.h(27,25): warning C4244: 'initializing': conversion from 'double' to 'float', possible loss of data
  (compiling source file 'Camera3D.cpp')
  
D:\Irrlicht\Lime\DrawSphere.h(39,23): warning C4267: 'initializing': conversion from 'size_t' to 'u32', possible loss of data
  (compiling source file 'Camera3D.cpp')
  
D:\Irrlicht\Lime\DrawSphere.h(43,25): warning C4244: 'initializing': conversion from 'double' to 'float', possible loss of data
  (compiling source file 'Camera3D.cpp')
  
D:\Irrlicht\Lime\DrawSphere.h(53,21): warning C4267: 'initializing': conversion from 'size_t' to 'u32', possible loss of data
  (compiling source file 'Camera3D.cpp')
  
D:\Irrlicht\Lime\DrawSphere.h(56,19): warning C4244: 'initializing': conversion from 'double' to 'float', possible loss of data
  (compiling source file 'Camera3D.cpp')
  
D:\Irrlicht\Lime\DrawSphere.h(59,25): warning C4244: 'initializing': conversion from 'double' to 'float', possible loss of data
  (compiling source file 'Camera3D.cpp')
  
D:\Irrlicht\Lime\DrawSphere.h(112,40): warning C4267: 'argument': conversion from 'size_t' to 'irr::u32', possible loss of data
  (compiling source file 'Camera3D.cpp')
  
D:\Irrlicht\Lime\DrawSphere.h(111,67): warning C4267: 'argument': conversion from 'size_t' to 'irr::u32', possible loss of data
  (compiling source file 'Camera3D.cpp')
  
D:\Irrlicht\Lime\DrawSphere.h(126,19): warning C4244: 'initializing': conversion from 'double' to 'float', possible loss of data
  (compiling source file 'Camera3D.cpp')
  
D:\Irrlicht\Lime\DrawSphere.h(128,25): warning C4244: 'initializing': conversion from 'double' to 'float', possible loss of data
  (compiling source file 'Camera3D.cpp')
  
D:\Irrlicht\Lime\DrawSphere.h(143,25): warning C4244: 'initializing': conversion from 'double' to 'float', possible loss of data
  (compiling source file 'Camera3D.cpp')
  
D:\Irrlicht\Lime\DrawSphere.h(154,19): warning C4244: 'initializing': conversion from 'double' to 'float', possible loss of data
  (compiling source file 'Camera3D.cpp')
  
D:\Irrlicht\Lime\DrawSphere.h(156,25): warning C4244: 'initializing': conversion from 'double' to 'float', possible loss of data
  (compiling source file 'Camera3D.cpp')
  
D:\Irrlicht\Lime\DebugVisual.h(128,27): warning C4305: 'initializing': truncation from 'double' to 'float'
  (compiling source file 'Camera3D.cpp')
  
  DebugConsole.cpp
D:\Irrlicht\Lime\EffectHandler.h(212,21): warning C4305: 'initializing': truncation from 'double' to 'irr::f32'
  (compiling source file 'DebugConsole.cpp')
  
D:\Irrlicht\Lime\EffectHandler.h(311,21): warning C4018: '<': signed/unsigned mismatch
  (compiling source file 'DebugConsole.cpp')
  
D:\Irrlicht\Lime\DebugConsole.cpp(51,53): warning C4267: 'argument': conversion from 'size_t' to 'DWORD', possible loss of data
  EditBox.cpp
D:\Irrlicht\Lime\EffectHandler.h(212,21): warning C4305: 'initializing': truncation from 'double' to 'irr::f32'
  (compiling source file 'EditBox.cpp')
  
D:\Irrlicht\Lime\EffectHandler.h(311,21): warning C4018: '<': signed/unsigned mismatch
  (compiling source file 'EditBox.cpp')
  
D:\Irrlicht\Lime\EditBox.cpp(17,58): warning C4244: 'argument': conversion from 'float' to 'T', possible loss of data
D:\Irrlicht\Lime\EditBox.cpp(17,58): warning C4244:         with
D:\Irrlicht\Lime\EditBox.cpp(17,58): warning C4244:         [
D:\Irrlicht\Lime\EditBox.cpp(17,58): warning C4244:             T=irr::s32
D:\Irrlicht\Lime\EditBox.cpp(17,58): warning C4244:         ]
D:\Irrlicht\Lime\EditBox.cpp(17,36): warning C4244: 'argument': conversion from 'float' to 'T', possible loss of data
D:\Irrlicht\Lime\EditBox.cpp(17,36): warning C4244:         with
D:\Irrlicht\Lime\EditBox.cpp(17,36): warning C4244:         [
D:\Irrlicht\Lime\EditBox.cpp(17,36): warning C4244:             T=irr::s32
D:\Irrlicht\Lime\EditBox.cpp(17,36): warning C4244:         ]
D:\Irrlicht\Lime\EditBox.cpp(16,40): warning C4244: 'argument': conversion from 'const float' to 'T', possible loss of data
D:\Irrlicht\Lime\EditBox.cpp(16,40): warning C4244:         with
D:\Irrlicht\Lime\EditBox.cpp(16,40): warning C4244:         [
D:\Irrlicht\Lime\EditBox.cpp(16,40): warning C4244:             T=irr::s32
D:\Irrlicht\Lime\EditBox.cpp(16,40): warning C4244:         ]
D:\Irrlicht\Lime\EditBox.cpp(16,33): warning C4244: 'argument': conversion from 'const float' to 'T', possible loss of data
D:\Irrlicht\Lime\EditBox.cpp(16,33): warning C4244:         with
D:\Irrlicht\Lime\EditBox.cpp(16,33): warning C4244:         [
D:\Irrlicht\Lime\EditBox.cpp(16,33): warning C4244:             T=irr::s32
D:\Irrlicht\Lime\EditBox.cpp(16,33): warning C4244:         ]
D:\Irrlicht\Lime\EditBox.cpp(66,90): warning C4244: 'argument': conversion from 'T' to 'float', possible loss of data
D:\Irrlicht\Lime\EditBox.cpp(66,90): warning C4244:         with
D:\Irrlicht\Lime\EditBox.cpp(66,90): warning C4244:         [
D:\Irrlicht\Lime\EditBox.cpp(66,90): warning C4244:             T=irr::s32
D:\Irrlicht\Lime\EditBox.cpp(66,90): warning C4244:         ]
D:\Irrlicht\Lime\EditBox.cpp(66,46): warning C4244: 'argument': conversion from 'T' to 'float', possible loss of data
D:\Irrlicht\Lime\EditBox.cpp(66,46): warning C4244:         with
D:\Irrlicht\Lime\EditBox.cpp(66,46): warning C4244:         [
D:\Irrlicht\Lime\EditBox.cpp(66,46): warning C4244:             T=irr::s32
D:\Irrlicht\Lime\EditBox.cpp(66,46): warning C4244:         ]
D:\Irrlicht\Lime\EditBox.cpp(74,52): warning C4244: '=': conversion from 'float' to 'T', possible loss of data
D:\Irrlicht\Lime\EditBox.cpp(74,52): warning C4244:         with
D:\Irrlicht\Lime\EditBox.cpp(74,52): warning C4244:         [
D:\Irrlicht\Lime\EditBox.cpp(74,52): warning C4244:             T=irr::s32
D:\Irrlicht\Lime\EditBox.cpp(74,52): warning C4244:         ]
D:\Irrlicht\Lime\EditBox.cpp(75,52): warning C4244: '=': conversion from 'float' to 'T', possible loss of data
D:\Irrlicht\Lime\EditBox.cpp(75,52): warning C4244:         with
D:\Irrlicht\Lime\EditBox.cpp(75,52): warning C4244:         [
D:\Irrlicht\Lime\EditBox.cpp(75,52): warning C4244:             T=irr::s32
D:\Irrlicht\Lime\EditBox.cpp(75,52): warning C4244:         ]
D:\Irrlicht\Lime\EditBox.cpp(93,64): warning C4244: 'argument': conversion from 'const float' to 'const T', possible loss of data
D:\Irrlicht\Lime\EditBox.cpp(93,64): warning C4244:         with
D:\Irrlicht\Lime\EditBox.cpp(93,64): warning C4244:         [
D:\Irrlicht\Lime\EditBox.cpp(93,64): warning C4244:             T=irr::u32
D:\Irrlicht\Lime\EditBox.cpp(93,64): warning C4244:         ]
D:\Irrlicht\Lime\EditBox.cpp(93,57): warning C4244: 'argument': conversion from 'const float' to 'const T', possible loss of data
D:\Irrlicht\Lime\EditBox.cpp(93,57): warning C4244:         with
D:\Irrlicht\Lime\EditBox.cpp(93,57): warning C4244:         [
D:\Irrlicht\Lime\EditBox.cpp(93,57): warning C4244:             T=irr::u32
D:\Irrlicht\Lime\EditBox.cpp(93,57): warning C4244:         ]
D:\Irrlicht\Lime\EditBox.cpp(105,164): warning C4244: 'argument': conversion from 'irr::u32' to 'float', possible loss of data
D:\Irrlicht\Lime\EditBox.cpp(105,128): warning C4244: 'argument': conversion from 'irr::u32' to 'float', possible loss of data
D:\Irrlicht\Lime\EditBox.cpp(105,93): warning C4244: 'argument': conversion from 'irr::u32' to 'float', possible loss of data
D:\Irrlicht\Lime\EditBox.cpp(105,57): warning C4244: 'argument': conversion from 'irr::u32' to 'float', possible loss of data
D:\Irrlicht\Lime\EditBox.cpp(110,74): warning C4244: 'argument': conversion from 'const float' to 'irr::u32', possible loss of data
D:\Irrlicht\Lime\EditBox.cpp(110,67): warning C4244: 'argument': conversion from 'const float' to 'irr::u32', possible loss of data
D:\Irrlicht\Lime\EditBox.cpp(110,60): warning C4244: 'argument': conversion from 'const float' to 'irr::u32', possible loss of data
D:\Irrlicht\Lime\EditBox.cpp(110,53): warning C4244: 'argument': conversion from 'const float' to 'irr::u32', possible loss of data
D:\Irrlicht\Lime\EditBox.cpp(127,118): warning C4244: 'argument': conversion from 'T' to 'float', possible loss of data
D:\Irrlicht\Lime\EditBox.cpp(127,118): warning C4244:         with
D:\Irrlicht\Lime\EditBox.cpp(127,118): warning C4244:         [
D:\Irrlicht\Lime\EditBox.cpp(127,118): warning C4244:             T=irr::s32
D:\Irrlicht\Lime\EditBox.cpp(127,118): warning C4244:         ]
D:\Irrlicht\Lime\EditBox.cpp(127,72): warning C4244: 'argument': conversion from 'T' to 'float', possible loss of data
D:\Irrlicht\Lime\EditBox.cpp(127,72): warning C4244:         with
D:\Irrlicht\Lime\EditBox.cpp(127,72): warning C4244:         [
D:\Irrlicht\Lime\EditBox.cpp(127,72): warning C4244:             T=irr::s32
D:\Irrlicht\Lime\EditBox.cpp(127,72): warning C4244:         ]
D:\Irrlicht\Lime\EditBox.cpp(132,72): warning C4244: 'argument': conversion from 'const float' to 'T', possible loss of data
D:\Irrlicht\Lime\EditBox.cpp(132,72): warning C4244:         with
D:\Irrlicht\Lime\EditBox.cpp(132,72): warning C4244:         [
D:\Irrlicht\Lime\EditBox.cpp(132,72): warning C4244:             T=irr::s32
D:\Irrlicht\Lime\EditBox.cpp(132,72): warning C4244:         ]
D:\Irrlicht\Lime\EditBox.cpp(132,65): warning C4244: 'argument': conversion from 'const float' to 'T', possible loss of data
D:\Irrlicht\Lime\EditBox.cpp(132,65): warning C4244:         with
D:\Irrlicht\Lime\EditBox.cpp(132,65): warning C4244:         [
D:\Irrlicht\Lime\EditBox.cpp(132,65): warning C4244:             T=irr::s32
D:\Irrlicht\Lime\EditBox.cpp(132,65): warning C4244:         ]
  Empty.cpp
D:\Irrlicht\Lime\EffectHandler.h(212,21): warning C4305: 'initializing': truncation from 'double' to 'irr::f32'
  (compiling source file 'Empty.cpp')
  
D:\Irrlicht\Lime\EffectHandler.h(311,21): warning C4018: '<': signed/unsigned mismatch
  (compiling source file 'Empty.cpp')
  
D:\Irrlicht\Lime\DrawSphere.h(19,19): warning C4267: 'initializing': conversion from 'size_t' to 'u32', possible loss of data
  (compiling source file 'Empty.cpp')
  
D:\Irrlicht\Lime\DrawSphere.h(24,19): warning C4244: 'initializing': conversion from 'double' to 'float', possible loss of data
  (compiling source file 'Empty.cpp')
  
D:\Irrlicht\Lime\DrawSphere.h(27,25): warning C4244: 'initializing': conversion from 'double' to 'float', possible loss of data
  (compiling source file 'Empty.cpp')
  
D:\Irrlicht\Lime\DrawSphere.h(39,23): warning C4267: 'initializing': conversion from 'size_t' to 'u32', possible loss of data
  (compiling source file 'Empty.cpp')
  
D:\Irrlicht\Lime\DrawSphere.h(43,25): warning C4244: 'initializing': conversion from 'double' to 'float', possible loss of data
  (compiling source file 'Empty.cpp')
  
D:\Irrlicht\Lime\DrawSphere.h(53,21): warning C4267: 'initializing': conversion from 'size_t' to 'u32', possible loss of data
  (compiling source file 'Empty.cpp')
  
D:\Irrlicht\Lime\DrawSphere.h(56,19): warning C4244: 'initializing': conversion from 'double' to 'float', possible loss of data
  (compiling source file 'Empty.cpp')
  
D:\Irrlicht\Lime\DrawSphere.h(59,25): warning C4244: 'initializing': conversion from 'double' to 'float', possible loss of data
  (compiling source file 'Empty.cpp')
  
D:\Irrlicht\Lime\DrawSphere.h(112,40): warning C4267: 'argument': conversion from 'size_t' to 'irr::u32', possible loss of data
  (compiling source file 'Empty.cpp')
  
D:\Irrlicht\Lime\DrawSphere.h(111,67): warning C4267: 'argument': conversion from 'size_t' to 'irr::u32', possible loss of data
  (compiling source file 'Empty.cpp')
  
D:\Irrlicht\Lime\DrawSphere.h(126,19): warning C4244: 'initializing': conversion from 'double' to 'float', possible loss of data
  (compiling source file 'Empty.cpp')
  
D:\Irrlicht\Lime\DrawSphere.h(128,25): warning C4244: 'initializing': conversion from 'double' to 'float', possible loss of data
  (compiling source file 'Empty.cpp')
  
D:\Irrlicht\Lime\DrawSphere.h(143,25): warning C4244: 'initializing': conversion from 'double' to 'float', possible loss of data
  (compiling source file 'Empty.cpp')
  
D:\Irrlicht\Lime\DrawSphere.h(154,19): warning C4244: 'initializing': conversion from 'double' to 'float', possible loss of data
  (compiling source file 'Empty.cpp')
  
D:\Irrlicht\Lime\DrawSphere.h(156,25): warning C4244: 'initializing': conversion from 'double' to 'float', possible loss of data
  (compiling source file 'Empty.cpp')
  
D:\Irrlicht\Lime\DebugVisual.h(128,27): warning C4305: 'initializing': truncation from 'double' to 'float'
  (compiling source file 'Empty.cpp')
  
  Image2D.cpp
D:\Irrlicht\Lime\EffectHandler.h(212,21): warning C4305: 'initializing': truncation from 'double' to 'irr::f32'
  (compiling source file 'Image2D.cpp')
  
D:\Irrlicht\Lime\EffectHandler.h(311,21): warning C4018: '<': signed/unsigned mismatch
  (compiling source file 'Image2D.cpp')
  
D:\Irrlicht\Lime\Image2D.cpp(11,69): warning C4244: 'argument': conversion from 'const float' to 'T', possible loss of data
D:\Irrlicht\Lime\Image2D.cpp(11,69): warning C4244:         with
D:\Irrlicht\Lime\Image2D.cpp(11,69): warning C4244:         [
D:\Irrlicht\Lime\Image2D.cpp(11,69): warning C4244:             T=irr::s32
D:\Irrlicht\Lime\Image2D.cpp(11,69): warning C4244:         ]
D:\Irrlicht\Lime\Image2D.cpp(11,62): warning C4244: 'argument': conversion from 'const float' to 'T', possible loss of data
D:\Irrlicht\Lime\Image2D.cpp(11,62): warning C4244:         with
D:\Irrlicht\Lime\Image2D.cpp(11,62): warning C4244:         [
D:\Irrlicht\Lime\Image2D.cpp(11,62): warning C4244:             T=irr::s32
D:\Irrlicht\Lime\Image2D.cpp(11,62): warning C4244:         ]
D:\Irrlicht\Lime\Image2D.cpp(23,129): warning C4244: 'argument': conversion from 'irr::u32' to 'float', possible loss of data
D:\Irrlicht\Lime\Image2D.cpp(23,101): warning C4244: 'argument': conversion from 'irr::u32' to 'float', possible loss of data
D:\Irrlicht\Lime\Image2D.cpp(23,74): warning C4244: 'argument': conversion from 'irr::u32' to 'float', possible loss of data
D:\Irrlicht\Lime\Image2D.cpp(23,46): warning C4244: 'argument': conversion from 'irr::u32' to 'float', possible loss of data
D:\Irrlicht\Lime\Image2D.cpp(28,68): warning C4244: 'argument': conversion from 'float' to 'irr::u32', possible loss of data
D:\Irrlicht\Lime\Image2D.cpp(28,59): warning C4244: 'argument': conversion from 'float' to 'irr::u32', possible loss of data
D:\Irrlicht\Lime\Image2D.cpp(28,50): warning C4244: 'argument': conversion from 'float' to 'irr::u32', possible loss of data
D:\Irrlicht\Lime\Image2D.cpp(28,41): warning C4244: 'argument': conversion from 'float' to 'irr::u32', possible loss of data
D:\Irrlicht\Lime\Image2D.cpp(42,107): warning C4244: 'argument': conversion from 'T' to 'float', possible loss of data
D:\Irrlicht\Lime\Image2D.cpp(42,107): warning C4244:         with
D:\Irrlicht\Lime\Image2D.cpp(42,107): warning C4244:         [
D:\Irrlicht\Lime\Image2D.cpp(42,107): warning C4244:             T=irr::s32
D:\Irrlicht\Lime\Image2D.cpp(42,107): warning C4244:         ]
D:\Irrlicht\Lime\Image2D.cpp(42,61): warning C4244: 'argument': conversion from 'T' to 'float', possible loss of data
D:\Irrlicht\Lime\Image2D.cpp(42,61): warning C4244:         with
D:\Irrlicht\Lime\Image2D.cpp(42,61): warning C4244:         [
D:\Irrlicht\Lime\Image2D.cpp(42,61): warning C4244:             T=irr::s32
D:\Irrlicht\Lime\Image2D.cpp(42,61): warning C4244:         ]
D:\Irrlicht\Lime\Image2D.cpp(48,61): warning C4244: 'argument': conversion from 'const float' to 'T', possible loss of data
D:\Irrlicht\Lime\Image2D.cpp(48,61): warning C4244:         with
D:\Irrlicht\Lime\Image2D.cpp(48,61): warning C4244:         [
D:\Irrlicht\Lime\Image2D.cpp(48,61): warning C4244:             T=irr::s32
D:\Irrlicht\Lime\Image2D.cpp(48,61): warning C4244:         ]
D:\Irrlicht\Lime\Image2D.cpp(48,54): warning C4244: 'argument': conversion from 'const float' to 'T', possible loss of data
D:\Irrlicht\Lime\Image2D.cpp(48,54): warning C4244:         with
D:\Irrlicht\Lime\Image2D.cpp(48,54): warning C4244:         [
D:\Irrlicht\Lime\Image2D.cpp(48,54): warning C4244:             T=irr::s32
D:\Irrlicht\Lime\Image2D.cpp(48,54): warning C4244:         ]
D:\Irrlicht\Lime\Image2D.cpp(54,84): warning C4244: 'argument': conversion from 'T' to 'float', possible loss of data
D:\Irrlicht\Lime\Image2D.cpp(54,84): warning C4244:         with
D:\Irrlicht\Lime\Image2D.cpp(54,84): warning C4244:         [
D:\Irrlicht\Lime\Image2D.cpp(54,84): warning C4244:             T=irr::s32
D:\Irrlicht\Lime\Image2D.cpp(54,84): warning C4244:         ]
D:\Irrlicht\Lime\Image2D.cpp(54,40): warning C4244: 'argument': conversion from 'T' to 'float', possible loss of data
D:\Irrlicht\Lime\Image2D.cpp(54,40): warning C4244:         with
D:\Irrlicht\Lime\Image2D.cpp(54,40): warning C4244:         [
D:\Irrlicht\Lime\Image2D.cpp(54,40): warning C4244:             T=irr::s32
D:\Irrlicht\Lime\Image2D.cpp(54,40): warning C4244:         ]
D:\Irrlicht\Lime\Image2D.cpp(62,46): warning C4244: '=': conversion from 'float' to 'T', possible loss of data
D:\Irrlicht\Lime\Image2D.cpp(62,46): warning C4244:         with
D:\Irrlicht\Lime\Image2D.cpp(62,46): warning C4244:         [
D:\Irrlicht\Lime\Image2D.cpp(62,46): warning C4244:             T=irr::s32
D:\Irrlicht\Lime\Image2D.cpp(62,46): warning C4244:         ]
D:\Irrlicht\Lime\Image2D.cpp(63,46): warning C4244: '=': conversion from 'float' to 'T', possible loss of data
D:\Irrlicht\Lime\Image2D.cpp(63,46): warning C4244:         with
D:\Irrlicht\Lime\Image2D.cpp(63,46): warning C4244:         [
D:\Irrlicht\Lime\Image2D.cpp(63,46): warning C4244:             T=irr::s32
D:\Irrlicht\Lime\Image2D.cpp(63,46): warning C4244:         ]
D:\Irrlicht\Lime\Image2D.cpp(108,53): warning C4244: 'argument': conversion from 'const float' to 'const T', possible loss of data
D:\Irrlicht\Lime\Image2D.cpp(108,53): warning C4244:         with
D:\Irrlicht\Lime\Image2D.cpp(108,53): warning C4244:         [
D:\Irrlicht\Lime\Image2D.cpp(108,53): warning C4244:             T=irr::u32
D:\Irrlicht\Lime\Image2D.cpp(108,53): warning C4244:         ]
D:\Irrlicht\Lime\Image2D.cpp(108,46): warning C4244: 'argument': conversion from 'const float' to 'const T', possible loss of data
D:\Irrlicht\Lime\Image2D.cpp(108,46): warning C4244:         with
D:\Irrlicht\Lime\Image2D.cpp(108,46): warning C4244:         [
D:\Irrlicht\Lime\Image2D.cpp(108,46): warning C4244:             T=irr::u32
D:\Irrlicht\Lime\Image2D.cpp(108,46): warning C4244:         ]
  IrrHandling.cpp
D:\Irrlicht\Lime\EffectHandler.h(212,21): warning C4305: 'initializing': truncation from 'double' to 'irr::f32'
  (compiling source file 'IrrHandling.cpp')
  
D:\Irrlicht\Lime\EffectHandler.h(311,21): warning C4018: '<': signed/unsigned mismatch
  (compiling source file 'IrrHandling.cpp')
  
D:\Irrlicht\Lime\IrrHandling.cpp(168,20): warning C4244: 'initializing': conversion from 'double' to 'int', possible loss of data
D:\Irrlicht\Lime\IrrHandling.cpp(356,20): warning C4244: '=': conversion from 'float' to 'int', possible loss of data
D:\Irrlicht\Lime\IrrHandling.cpp(396,11): warning C4244: 'initializing': conversion from 'double' to 'float', possible loss of data
  Light.cpp
D:\Irrlicht\Lime\EffectHandler.h(212,21): warning C4305: 'initializing': truncation from 'double' to 'irr::f32'
  (compiling source file 'Light.cpp')
  
D:\Irrlicht\Lime\EffectHandler.h(311,21): warning C4018: '<': signed/unsigned mismatch
  (compiling source file 'Light.cpp')
  
D:\Irrlicht\Lime\DrawSphere.h(19,19): warning C4267: 'initializing': conversion from 'size_t' to 'u32', possible loss of data
  (compiling source file 'Light.cpp')
  
D:\Irrlicht\Lime\DrawSphere.h(24,19): warning C4244: 'initializing': conversion from 'double' to 'float', possible loss of data
  (compiling source file 'Light.cpp')
  
D:\Irrlicht\Lime\DrawSphere.h(27,25): warning C4244: 'initializing': conversion from 'double' to 'float', possible loss of data
  (compiling source file 'Light.cpp')
  
D:\Irrlicht\Lime\DrawSphere.h(39,23): warning C4267: 'initializing': conversion from 'size_t' to 'u32', possible loss of data
  (compiling source file 'Light.cpp')
  
D:\Irrlicht\Lime\DrawSphere.h(43,25): warning C4244: 'initializing': conversion from 'double' to 'float', possible loss of data
  (compiling source file 'Light.cpp')
  
D:\Irrlicht\Lime\DrawSphere.h(53,21): warning C4267: 'initializing': conversion from 'size_t' to 'u32', possible loss of data
  (compiling source file 'Light.cpp')
  
D:\Irrlicht\Lime\DrawSphere.h(56,19): warning C4244: 'initializing': conversion from 'double' to 'float', possible loss of data
  (compiling source file 'Light.cpp')
  
D:\Irrlicht\Lime\DrawSphere.h(59,25): warning C4244: 'initializing': conversion from 'double' to 'float', possible loss of data
  (compiling source file 'Light.cpp')
  
D:\Irrlicht\Lime\DrawSphere.h(112,40): warning C4267: 'argument': conversion from 'size_t' to 'irr::u32', possible loss of data
  (compiling source file 'Light.cpp')
  
D:\Irrlicht\Lime\DrawSphere.h(111,67): warning C4267: 'argument': conversion from 'size_t' to 'irr::u32', possible loss of data
  (compiling source file 'Light.cpp')
  
D:\Irrlicht\Lime\DrawSphere.h(126,19): warning C4244: 'initializing': conversion from 'double' to 'float', possible loss of data
  (compiling source file 'Light.cpp')
  
D:\Irrlicht\Lime\DrawSphere.h(128,25): warning C4244: 'initializing': conversion from 'double' to 'float', possible loss of data
  (compiling source file 'Light.cpp')
  
D:\Irrlicht\Lime\DrawSphere.h(143,25): warning C4244: 'initializing': conversion from 'double' to 'float', possible loss of data
  (compiling source file 'Light.cpp')
  
D:\Irrlicht\Lime\DrawSphere.h(154,19): warning C4244: 'initializing': conversion from 'double' to 'float', possible loss of data
  (compiling source file 'Light.cpp')
  
D:\Irrlicht\Lime\DrawSphere.h(156,25): warning C4244: 'initializing': conversion from 'double' to 'float', possible loss of data
  (compiling source file 'Light.cpp')
  
D:\Irrlicht\Lime\DebugVisual.h(128,27): warning C4305: 'initializing': truncation from 'double' to 'float'
  (compiling source file 'Light.cpp')
  
D:\Irrlicht\Lime\Light.cpp(11,101): warning C4305: 'argument': truncation from 'double' to 'float'
D:\Irrlicht\Lime\Light.cpp(14,34): warning C4305: 'argument': truncation from 'double' to 'float'
D:\Irrlicht\Lime\Light.cpp(19,73): warning C4244: 'argument': conversion from 'double' to 'irr::f32', possible loss of data
D:\Irrlicht\Lime\Light.cpp(19,58): warning C4244: 'argument': conversion from 'double' to 'irr::f32', possible loss of data
D:\Irrlicht\Lime\Light.cpp(19,43): warning C4244: 'argument': conversion from 'double' to 'irr::f32', possible loss of data
D:\Irrlicht\Lime\Light.cpp(19,28): warning C4244: 'argument': conversion from 'double' to 'irr::f32', possible loss of data
D:\Irrlicht\Lime\Light.cpp(77,107): warning C4244: 'argument': conversion from 'double' to 'irr::f32', possible loss of data
D:\Irrlicht\Lime\Light.cpp(77,92): warning C4244: 'argument': conversion from 'double' to 'irr::f32', possible loss of data
D:\Irrlicht\Lime\Light.cpp(77,77): warning C4244: 'argument': conversion from 'double' to 'irr::f32', possible loss of data
D:\Irrlicht\Lime\Light.cpp(77,62): warning C4244: 'argument': conversion from 'double' to 'irr::f32', possible loss of data
  Lime.cpp
D:\Irrlicht\Lime\EffectHandler.h(212,21): warning C4305: 'initializing': truncation from 'double' to 'irr::f32'
  (compiling source file 'Lime.cpp')
  
D:\Irrlicht\Lime\EffectHandler.h(311,21): warning C4018: '<': signed/unsigned mismatch
  (compiling source file 'Lime.cpp')
  
  LimeReceiver.cpp
D:\Irrlicht\Lime\EffectHandler.h(212,21): warning C4305: 'initializing': truncation from 'double' to 'irr::f32'
  (compiling source file 'LimeReceiver.cpp')
  
D:\Irrlicht\Lime\EffectHandler.h(311,21): warning C4018: '<': signed/unsigned mismatch
  (compiling source file 'LimeReceiver.cpp')
  
D:\Irrlicht\Lime\LimeReceiver.cpp(87,104): warning C4244: 'argument': conversion from 'T' to 'float', possible loss of data
D:\Irrlicht\Lime\LimeReceiver.cpp(87,104): warning C4244:         with
D:\Irrlicht\Lime\LimeReceiver.cpp(87,104): warning C4244:         [
D:\Irrlicht\Lime\LimeReceiver.cpp(87,104): warning C4244:             T=irr::s32
D:\Irrlicht\Lime\LimeReceiver.cpp(87,104): warning C4244:         ]
D:\Irrlicht\Lime\LimeReceiver.cpp(87,81): warning C4244: 'argument': conversion from 'T' to 'float', possible loss of data
D:\Irrlicht\Lime\LimeReceiver.cpp(87,81): warning C4244:         with
D:\Irrlicht\Lime\LimeReceiver.cpp(87,81): warning C4244:         [
D:\Irrlicht\Lime\LimeReceiver.cpp(87,81): warning C4244:             T=irr::s32
D:\Irrlicht\Lime\LimeReceiver.cpp(87,81): warning C4244:         ]
D:\Irrlicht\Lime\LimeReceiver.cpp(140,76): warning C4244: 'argument': conversion from 'const T' to 'float', possible loss of data
D:\Irrlicht\Lime\LimeReceiver.cpp(140,76): warning C4244:         with
D:\Irrlicht\Lime\LimeReceiver.cpp(140,76): warning C4244:         [
D:\Irrlicht\Lime\LimeReceiver.cpp(140,76): warning C4244:             T=irr::s32
D:\Irrlicht\Lime\LimeReceiver.cpp(140,76): warning C4244:         ]
D:\Irrlicht\Lime\LimeReceiver.cpp(140,53): warning C4244: 'argument': conversion from 'const T' to 'float', possible loss of data
D:\Irrlicht\Lime\LimeReceiver.cpp(140,53): warning C4244:         with
D:\Irrlicht\Lime\LimeReceiver.cpp(140,53): warning C4244:         [
D:\Irrlicht\Lime\LimeReceiver.cpp(140,53): warning C4244:             T=irr::s32
D:\Irrlicht\Lime\LimeReceiver.cpp(140,53): warning C4244:         ]
  LuaLime.cpp
D:\Irrlicht\Lime\EffectHandler.h(212,21): warning C4305: 'initializing': truncation from 'double' to 'irr::f32'
  (compiling source file 'LuaLime.cpp')
  
D:\Irrlicht\Lime\EffectHandler.h(311,21): warning C4018: '<': signed/unsigned mismatch
  (compiling source file 'LuaLime.cpp')
  
D:\Irrlicht\Lime\DrawSphere.h(19,19): warning C4267: 'initializing': conversion from 'size_t' to 'u32', possible loss of data
  (compiling source file 'LuaLime.cpp')
  
D:\Irrlicht\Lime\DrawSphere.h(24,19): warning C4244: 'initializing': conversion from 'double' to 'float', possible loss of data
  (compiling source file 'LuaLime.cpp')
  
D:\Irrlicht\Lime\DrawSphere.h(27,25): warning C4244: 'initializing': conversion from 'double' to 'float', possible loss of data
  (compiling source file 'LuaLime.cpp')
  
D:\Irrlicht\Lime\DrawSphere.h(39,23): warning C4267: 'initializing': conversion from 'size_t' to 'u32', possible loss of data
  (compiling source file 'LuaLime.cpp')
  
D:\Irrlicht\Lime\DrawSphere.h(43,25): warning C4244: 'initializing': conversion from 'double' to 'float', possible loss of data
  (compiling source file 'LuaLime.cpp')
  
D:\Irrlicht\Lime\DrawSphere.h(53,21): warning C4267: 'initializing': conversion from 'size_t' to 'u32', possible loss of data
  (compiling source file 'LuaLime.cpp')
  
D:\Irrlicht\Lime\DrawSphere.h(56,19): warning C4244: 'initializing': conversion from 'double' to 'float', possible loss of data
  (compiling source file 'LuaLime.cpp')
  
D:\Irrlicht\Lime\DrawSphere.h(59,25): warning C4244: 'initializing': conversion from 'double' to 'float', possible loss of data
  (compiling source file 'LuaLime.cpp')
  
D:\Irrlicht\Lime\DrawSphere.h(112,40): warning C4267: 'argument': conversion from 'size_t' to 'irr::u32', possible loss of data
  (compiling source file 'LuaLime.cpp')
  
D:\Irrlicht\Lime\DrawSphere.h(111,67): warning C4267: 'argument': conversion from 'size_t' to 'irr::u32', possible loss of data
  (compiling source file 'LuaLime.cpp')
  
D:\Irrlicht\Lime\DrawSphere.h(126,19): warning C4244: 'initializing': conversion from 'double' to 'float', possible loss of data
  (compiling source file 'LuaLime.cpp')
  
D:\Irrlicht\Lime\DrawSphere.h(128,25): warning C4244: 'initializing': conversion from 'double' to 'float', possible loss of data
  (compiling source file 'LuaLime.cpp')
  
D:\Irrlicht\Lime\DrawSphere.h(143,25): warning C4244: 'initializing': conversion from 'double' to 'float', possible loss of data
  (compiling source file 'LuaLime.cpp')
  
D:\Irrlicht\Lime\DrawSphere.h(154,19): warning C4244: 'initializing': conversion from 'double' to 'float', possible loss of data
  (compiling source file 'LuaLime.cpp')
  
D:\Irrlicht\Lime\DrawSphere.h(156,25): warning C4244: 'initializing': conversion from 'double' to 'float', possible loss of data
  (compiling source file 'LuaLime.cpp')
  
D:\Irrlicht\Lime\DebugVisual.h(128,27): warning C4305: 'initializing': truncation from 'double' to 'float'
  (compiling source file 'LuaLime.cpp')
  
D:\Irrlicht\Lime\Warden.h(96,29): warning C4244: '=': conversion from 'float' to 'int', possible loss of data
  (compiling source file 'LuaLime.cpp')
  
D:\Irrlicht\Lime\Warden.h(97,30): warning C4244: '=': conversion from 'float' to 'int', possible loss of data
  (compiling source file 'LuaLime.cpp')
  
D:\Irrlicht\Lime\Warden.h(104,82): warning C4244: 'argument': conversion from 'const T' to 'float', possible loss of data
D:\Irrlicht\Lime\Warden.h(104,82): warning C4244:         with
D:\Irrlicht\Lime\Warden.h(104,82): warning C4244:         [
D:\Irrlicht\Lime\Warden.h(104,82): warning C4244:             T=irr::u32
D:\Irrlicht\Lime\Warden.h(104,82): warning C4244:         ]
  (compiling source file 'LuaLime.cpp')
  
D:\Irrlicht\Lime\Warden.h(104,51): warning C4244: 'argument': conversion from 'const T' to 'float', possible loss of data
D:\Irrlicht\Lime\Warden.h(104,51): warning C4244:         with
D:\Irrlicht\Lime\Warden.h(104,51): warning C4244:         [
D:\Irrlicht\Lime\Warden.h(104,51): warning C4244:             T=irr::u32
D:\Irrlicht\Lime\Warden.h(104,51): warning C4244:         ]
  (compiling source file 'LuaLime.cpp')
  
D:\Irrlicht\Lime\Warden.h(183,85): warning C4244: 'argument': conversion from 'float' to 'irr::u32', possible loss of data
  (compiling source file 'LuaLime.cpp')
  
D:\Irrlicht\Lime\Warden.h(183,76): warning C4244: 'argument': conversion from 'float' to 'irr::u32', possible loss of data
  (compiling source file 'LuaLime.cpp')
  
D:\Irrlicht\Lime\Warden.h(183,67): warning C4244: 'argument': conversion from 'float' to 'irr::u32', possible loss of data
  (compiling source file 'LuaLime.cpp')
  
D:\Irrlicht\Lime\Warden.h(183,58): warning C4244: 'argument': conversion from 'float' to 'irr::u32', possible loss of data
  (compiling source file 'LuaLime.cpp')
  
D:\Irrlicht\Lime\Warden.h(201,71): warning C4305: 'argument': truncation from 'double' to 'irr::f32'
  (compiling source file 'LuaLime.cpp')
  
D:\Irrlicht\Lime\Warden.h(235,75): warning C4244: 'argument': conversion from 'float' to 'T', possible loss of data
D:\Irrlicht\Lime\Warden.h(235,75): warning C4244:         with
D:\Irrlicht\Lime\Warden.h(235,75): warning C4244:         [
D:\Irrlicht\Lime\Warden.h(235,75): warning C4244:             T=irr::s32
D:\Irrlicht\Lime\Warden.h(235,75): warning C4244:         ]
  (compiling source file 'LuaLime.cpp')
  
D:\Irrlicht\Lime\Warden.h(235,68): warning C4244: 'argument': conversion from 'float' to 'T', possible loss of data
D:\Irrlicht\Lime\Warden.h(235,68): warning C4244:         with
D:\Irrlicht\Lime\Warden.h(235,68): warning C4244:         [
D:\Irrlicht\Lime\Warden.h(235,68): warning C4244:             T=irr::s32
D:\Irrlicht\Lime\Warden.h(235,68): warning C4244:         ]
  (compiling source file 'LuaLime.cpp')
  
D:\Irrlicht\Lime\Warden.h(306,48): warning C4244: 'argument': conversion from 'float' to 'T', possible loss of data
D:\Irrlicht\Lime\Warden.h(306,48): warning C4244:         with
D:\Irrlicht\Lime\Warden.h(306,48): warning C4244:         [
D:\Irrlicht\Lime\Warden.h(306,48): warning C4244:             T=irr::s32
D:\Irrlicht\Lime\Warden.h(306,48): warning C4244:         ]
  (compiling source file 'LuaLime.cpp')
  
D:\Irrlicht\Lime\Warden.h(306,33): warning C4244: 'argument': conversion from 'float' to 'T', possible loss of data
D:\Irrlicht\Lime\Warden.h(306,33): warning C4244:         with
D:\Irrlicht\Lime\Warden.h(306,33): warning C4244:         [
D:\Irrlicht\Lime\Warden.h(306,33): warning C4244:             T=irr::s32
D:\Irrlicht\Lime\Warden.h(306,33): warning C4244:         ]
  (compiling source file 'LuaLime.cpp')
  
D:\Irrlicht\Lime\Warden.h(612,35): warning C4244: 'argument': conversion from 'T' to 'float', possible loss of data
D:\Irrlicht\Lime\Warden.h(612,35): warning C4244:         with
D:\Irrlicht\Lime\Warden.h(612,35): warning C4244:         [
D:\Irrlicht\Lime\Warden.h(612,35): warning C4244:             T=irr::s32
D:\Irrlicht\Lime\Warden.h(612,35): warning C4244:         ]
  (compiling source file 'LuaLime.cpp')
  
D:\Irrlicht\Lime\Warden.h(612,25): warning C4244: 'argument': conversion from 'T' to 'float', possible loss of data
D:\Irrlicht\Lime\Warden.h(612,25): warning C4244:         with
D:\Irrlicht\Lime\Warden.h(612,25): warning C4244:         [
D:\Irrlicht\Lime\Warden.h(612,25): warning C4244:             T=irr::s32
D:\Irrlicht\Lime\Warden.h(612,25): warning C4244:         ]
  (compiling source file 'LuaLime.cpp')
  
D:\Irrlicht\Lime\Warden.h(623,75): warning C4244: 'argument': conversion from 'const float' to 'const T', possible loss of data
D:\Irrlicht\Lime\Warden.h(623,75): warning C4244:         with
D:\Irrlicht\Lime\Warden.h(623,75): warning C4244:         [
D:\Irrlicht\Lime\Warden.h(623,75): warning C4244:             T=irr::u32
D:\Irrlicht\Lime\Warden.h(623,75): warning C4244:         ]
  (compiling source file 'LuaLime.cpp')
  
D:\Irrlicht\Lime\Warden.h(623,67): warning C4244: 'argument': conversion from 'const float' to 'const T', possible loss of data
D:\Irrlicht\Lime\Warden.h(623,67): warning C4244:         with
D:\Irrlicht\Lime\Warden.h(623,67): warning C4244:         [
D:\Irrlicht\Lime\Warden.h(623,67): warning C4244:             T=irr::u32
D:\Irrlicht\Lime\Warden.h(623,67): warning C4244:         ]
  (compiling source file 'LuaLime.cpp')
  
  Material.cpp
D:\Irrlicht\Lime\EffectHandler.h(212,21): warning C4305: 'initializing': truncation from 'double' to 'irr::f32'
  (compiling source file 'Material.cpp')
  
D:\Irrlicht\Lime\EffectHandler.h(311,21): warning C4018: '<': signed/unsigned mismatch
  (compiling source file 'Material.cpp')
  
D:\Irrlicht\Lime\Material.cpp(72,130): warning C4244: 'argument': conversion from 'irr::u32' to 'float', possible loss of data
D:\Irrlicht\Lime\Material.cpp(72,101): warning C4244: 'argument': conversion from 'irr::u32' to 'float', possible loss of data
D:\Irrlicht\Lime\Material.cpp(72,73): warning C4244: 'argument': conversion from 'irr::u32' to 'float', possible loss of data
D:\Irrlicht\Lime\Material.cpp(72,44): warning C4244: 'argument': conversion from 'irr::u32' to 'float', possible loss of data
D:\Irrlicht\Lime\Material.cpp(76,58): warning C4244: 'argument': conversion from 'float' to 'irr::u32', possible loss of data
D:\Irrlicht\Lime\Material.cpp(76,49): warning C4244: 'argument': conversion from 'float' to 'irr::u32', possible loss of data
D:\Irrlicht\Lime\Material.cpp(76,40): warning C4244: 'argument': conversion from 'float' to 'irr::u32', possible loss of data
D:\Irrlicht\Lime\Material.cpp(76,31): warning C4244: 'argument': conversion from 'float' to 'irr::u32', possible loss of data
D:\Irrlicht\Lime\Material.cpp(80,130): warning C4244: 'argument': conversion from 'irr::u32' to 'float', possible loss of data
D:\Irrlicht\Lime\Material.cpp(80,101): warning C4244: 'argument': conversion from 'irr::u32' to 'float', possible loss of data
D:\Irrlicht\Lime\Material.cpp(80,73): warning C4244: 'argument': conversion from 'irr::u32' to 'float', possible loss of data
D:\Irrlicht\Lime\Material.cpp(80,44): warning C4244: 'argument': conversion from 'irr::u32' to 'float', possible loss of data
D:\Irrlicht\Lime\Material.cpp(84,58): warning C4244: 'argument': conversion from 'float' to 'irr::u32', possible loss of data
D:\Irrlicht\Lime\Material.cpp(84,49): warning C4244: 'argument': conversion from 'float' to 'irr::u32', possible loss of data
D:\Irrlicht\Lime\Material.cpp(84,40): warning C4244: 'argument': conversion from 'float' to 'irr::u32', possible loss of data
D:\Irrlicht\Lime\Material.cpp(84,31): warning C4244: 'argument': conversion from 'float' to 'irr::u32', possible loss of data
D:\Irrlicht\Lime\Material.cpp(88,134): warning C4244: 'argument': conversion from 'irr::u32' to 'float', possible loss of data
D:\Irrlicht\Lime\Material.cpp(88,104): warning C4244: 'argument': conversion from 'irr::u32' to 'float', possible loss of data
D:\Irrlicht\Lime\Material.cpp(88,75): warning C4244: 'argument': conversion from 'irr::u32' to 'float', possible loss of data
D:\Irrlicht\Lime\Material.cpp(88,45): warning C4244: 'argument': conversion from 'irr::u32' to 'float', possible loss of data
D:\Irrlicht\Lime\Material.cpp(92,59): warning C4244: 'argument': conversion from 'float' to 'irr::u32', possible loss of data
D:\Irrlicht\Lime\Material.cpp(92,50): warning C4244: 'argument': conversion from 'float' to 'irr::u32', possible loss of data
D:\Irrlicht\Lime\Material.cpp(92,41): warning C4244: 'argument': conversion from 'float' to 'irr::u32', possible loss of data
D:\Irrlicht\Lime\Material.cpp(92,32): warning C4244: 'argument': conversion from 'float' to 'irr::u32', possible loss of data
D:\Irrlicht\Lime\Material.cpp(96,134): warning C4244: 'argument': conversion from 'irr::u32' to 'float', possible loss of data
D:\Irrlicht\Lime\Material.cpp(96,104): warning C4244: 'argument': conversion from 'irr::u32' to 'float', possible loss of data
D:\Irrlicht\Lime\Material.cpp(96,75): warning C4244: 'argument': conversion from 'irr::u32' to 'float', possible loss of data
D:\Irrlicht\Lime\Material.cpp(96,45): warning C4244: 'argument': conversion from 'irr::u32' to 'float', possible loss of data
D:\Irrlicht\Lime\Material.cpp(100,59): warning C4244: 'argument': conversion from 'float' to 'irr::u32', possible loss of data
D:\Irrlicht\Lime\Material.cpp(100,50): warning C4244: 'argument': conversion from 'float' to 'irr::u32', possible loss of data
D:\Irrlicht\Lime\Material.cpp(100,41): warning C4244: 'argument': conversion from 'float' to 'irr::u32', possible loss of data
D:\Irrlicht\Lime\Material.cpp(100,32): warning C4244: 'argument': conversion from 'float' to 'irr::u32', possible loss of data
  MeshBuffer.cpp
D:\Irrlicht\Lime\EffectHandler.h(212,21): warning C4305: 'initializing': truncation from 'double' to 'irr::f32'
  (compiling source file 'MeshBuffer.cpp')
  
D:\Irrlicht\Lime\EffectHandler.h(311,21): warning C4018: '<': signed/unsigned mismatch
  (compiling source file 'MeshBuffer.cpp')
  
D:\Irrlicht\Lime\MeshBuffer.cpp(26,133): warning C4244: 'argument': conversion from 'const float' to 'irr::u32', possible loss of data
D:\Irrlicht\Lime\MeshBuffer.cpp(26,127): warning C4244: 'argument': conversion from 'const float' to 'irr::u32', possible loss of data
D:\Irrlicht\Lime\MeshBuffer.cpp(26,121): warning C4244: 'argument': conversion from 'const float' to 'irr::u32', possible loss of data
D:\Irrlicht\Lime\MeshBuffer.cpp(26,115): warning C4244: 'argument': conversion from 'const float' to 'irr::u32', possible loss of data
D:\Irrlicht\Lime\MeshBuffer.cpp(27,137): warning C4244: 'argument': conversion from 'const float' to 'irr::u32', possible loss of data
D:\Irrlicht\Lime\MeshBuffer.cpp(27,131): warning C4244: 'argument': conversion from 'const float' to 'irr::u32', possible loss of data
D:\Irrlicht\Lime\MeshBuffer.cpp(27,125): warning C4244: 'argument': conversion from 'const float' to 'irr::u32', possible loss of data
D:\Irrlicht\Lime\MeshBuffer.cpp(27,119): warning C4244: 'argument': conversion from 'const float' to 'irr::u32', possible loss of data
D:\Irrlicht\Lime\MeshBuffer.cpp(28,137): warning C4244: 'argument': conversion from 'const float' to 'irr::u32', possible loss of data
D:\Irrlicht\Lime\MeshBuffer.cpp(28,131): warning C4244: 'argument': conversion from 'const float' to 'irr::u32', possible loss of data
D:\Irrlicht\Lime\MeshBuffer.cpp(28,125): warning C4244: 'argument': conversion from 'const float' to 'irr::u32', possible loss of data
D:\Irrlicht\Lime\MeshBuffer.cpp(28,119): warning C4244: 'argument': conversion from 'const float' to 'irr::u32', possible loss of data
D:\Irrlicht\Lime\MeshBuffer.cpp(68,23): warning C4018: '<': signed/unsigned mismatch
  NetworkHandler.cpp
D:\Irrlicht\Lime\EffectHandler.h(212,21): warning C4305: 'initializing': truncation from 'double' to 'irr::f32'
  (compiling source file 'NetworkHandler.cpp')
  
D:\Irrlicht\Lime\EffectHandler.h(311,21): warning C4018: '<': signed/unsigned mismatch
  (compiling source file 'NetworkHandler.cpp')
  
  Packet.cpp
D:\Irrlicht\Lime\EffectHandler.h(212,21): warning C4305: 'initializing': truncation from 'double' to 'irr::f32'
  (compiling source file 'Packet.cpp')
  
D:\Irrlicht\Lime\EffectHandler.h(311,21): warning C4018: '<': signed/unsigned mismatch
  (compiling source file 'Packet.cpp')
  
D:\Irrlicht\Lime\Packet.cpp(96,9): warning C4267: 'return': conversion from 'size_t' to 'int', possible loss of data
  ParticleSystem.cpp
D:\Irrlicht\Lime\EffectHandler.h(212,21): warning C4305: 'initializing': truncation from 'double' to 'irr::f32'
  (compiling source file 'ParticleSystem.cpp')
  
D:\Irrlicht\Lime\EffectHandler.h(311,21): warning C4018: '<': signed/unsigned mismatch
  (compiling source file 'ParticleSystem.cpp')
  
D:\Irrlicht\Lime\ParticleSystem.cpp(116,42): warning C4244: 'argument': conversion from 'T' to 'irr::s32', possible loss of data
D:\Irrlicht\Lime\ParticleSystem.cpp(116,42): warning C4244:         with
D:\Irrlicht\Lime\ParticleSystem.cpp(116,42): warning C4244:         [
D:\Irrlicht\Lime\ParticleSystem.cpp(116,42): warning C4244:             T=float
D:\Irrlicht\Lime\ParticleSystem.cpp(116,42): warning C4244:         ]
D:\Irrlicht\Lime\ParticleSystem.cpp(125,21): warning C4244: 'argument': conversion from 'float' to 'irr::u32', possible loss of data
D:\Irrlicht\Lime\ParticleSystem.cpp(126,21): warning C4244: 'argument': conversion from 'float' to 'irr::u32', possible loss of data
D:\Irrlicht\Lime\ParticleSystem.cpp(135,31): warning C4244: 'argument': conversion from 'float' to 'irr::u32', possible loss of data
D:\Irrlicht\Lime\ParticleSystem.cpp(136,31): warning C4244: 'argument': conversion from 'float' to 'irr::u32', possible loss of data
D:\Irrlicht\Lime\ParticleSystem.cpp(142,49): warning C4244: 'argument': conversion from 'float' to 'irr::u32', possible loss of data
D:\Irrlicht\Lime\ParticleSystem.cpp(142,44): warning C4244: 'argument': conversion from 'float' to 'irr::u32', possible loss of data
D:\Irrlicht\Lime\ParticleSystem.cpp(142,39): warning C4244: 'argument': conversion from 'float' to 'irr::u32', possible loss of data
D:\Irrlicht\Lime\ParticleSystem.cpp(142,34): warning C4244: 'argument': conversion from 'float' to 'irr::u32', possible loss of data
D:\Irrlicht\Lime\ParticleSystem.cpp(146,47): warning C4244: 'argument': conversion from 'float' to 'irr::u32', possible loss of data
D:\Irrlicht\Lime\ParticleSystem.cpp(146,42): warning C4244: 'argument': conversion from 'float' to 'irr::u32', possible loss of data
D:\Irrlicht\Lime\ParticleSystem.cpp(146,37): warning C4244: 'argument': conversion from 'float' to 'irr::u32', possible loss of data
D:\Irrlicht\Lime\ParticleSystem.cpp(146,32): warning C4244: 'argument': conversion from 'float' to 'irr::u32', possible loss of data
D:\Irrlicht\Lime\ParticleSystem.cpp(196,18): warning C4244: 'initializing': conversion from 'double' to 'int', possible loss of data
D:\Irrlicht\Lime\ParticleSystem.cpp(200,53): warning C4244: 'argument': conversion from 'float' to 'irr::u32', possible loss of data
D:\Irrlicht\Lime\ParticleSystem.cpp(200,48): warning C4244: 'argument': conversion from 'float' to 'irr::u32', possible loss of data
D:\Irrlicht\Lime\ParticleSystem.cpp(200,43): warning C4244: 'argument': conversion from 'float' to 'irr::u32', possible loss of data
D:\Irrlicht\Lime\ParticleSystem.cpp(200,38): warning C4244: 'argument': conversion from 'float' to 'irr::u32', possible loss of data
D:\Irrlicht\Lime\ParticleSystem.cpp(212,57): warning C4305: 'argument': truncation from 'double' to 'T'
D:\Irrlicht\Lime\ParticleSystem.cpp(212,57): warning C4305:         with
D:\Irrlicht\Lime\ParticleSystem.cpp(212,57): warning C4305:         [
D:\Irrlicht\Lime\ParticleSystem.cpp(212,57): warning C4305:             T=irr::f32
D:\Irrlicht\Lime\ParticleSystem.cpp(212,57): warning C4305:         ]
D:\Irrlicht\Lime\ParticleSystem.cpp(213,9): warning C4244: 'initializing': conversion from 'double' to 'int', possible loss of data
  Sound.cpp
D:\Irrlicht\Lime\EffectHandler.h(212,21): warning C4305: 'initializing': truncation from 'double' to 'irr::f32'
  (compiling source file 'Sound.cpp')
  
D:\Irrlicht\Lime\EffectHandler.h(311,21): warning C4018: '<': signed/unsigned mismatch
  (compiling source file 'Sound.cpp')
  
D:\Irrlicht\Lime\Sound.cpp(246,26): warning C4244: 'initializing': conversion from 'float' to 'u32', possible loss of data
D:\Irrlicht\Lime\Sound.cpp(247,26): warning C4244: 'initializing': conversion from 'float' to 'u32', possible loss of data
D:\Irrlicht\Lime\Sound.cpp(250,55): warning C4244: 'argument': conversion from 'u32' to 'irrklang::ik_f32', possible loss of data
D:\Irrlicht\Lime\Sound.cpp(250,49): warning C4244: 'argument': conversion from 'u32' to 'irrklang::ik_f32', possible loss of data
D:\Irrlicht\Lime\Sound.cpp(261,28): warning C4244: 'initializing': conversion from 'float' to 'u32', possible loss of data
D:\Irrlicht\Lime\Sound.cpp(262,30): warning C4244: 'initializing': conversion from 'float' to 'u32', possible loss of data
D:\Irrlicht\Lime\Sound.cpp(263,27): warning C4244: 'initializing': conversion from 'float' to 'u32', possible loss of data
D:\Irrlicht\Lime\Sound.cpp(267,68): warning C4244: 'argument': conversion from 'u32' to 'irrklang::ik_f32', possible loss of data
D:\Irrlicht\Lime\Sound.cpp(267,61): warning C4244: 'argument': conversion from 'u32' to 'irrklang::ik_f32', possible loss of data
D:\Irrlicht\Lime\Sound.cpp(267,51): warning C4244: 'argument': conversion from 'u32' to 'irrklang::ik_f32', possible loss of data
D:\Irrlicht\Lime\Sound.cpp(267,43): warning C4244: 'argument': conversion from 'u32' to 'irrklang::ik_f32', possible loss of data
D:\Irrlicht\Lime\Sound.cpp(278,31): warning C4244: 'initializing': conversion from 'float' to 'u32', possible loss of data
D:\Irrlicht\Lime\Sound.cpp(279,31): warning C4244: 'initializing': conversion from 'float' to 'u32', possible loss of data
D:\Irrlicht\Lime\Sound.cpp(280,32): warning C4244: 'initializing': conversion from 'float' to 'u32', possible loss of data
D:\Irrlicht\Lime\Sound.cpp(281,36): warning C4244: 'initializing': conversion from 'double' to 'u32', possible loss of data
D:\Irrlicht\Lime\Sound.cpp(286,84): warning C4244: 'argument': conversion from 'u32' to 'irrklang::ik_f32', possible loss of data
D:\Irrlicht\Lime\Sound.cpp(286,72): warning C4244: 'argument': conversion from 'u32' to 'irrklang::ik_f32', possible loss of data
D:\Irrlicht\Lime\Sound.cpp(286,61): warning C4244: 'argument': conversion from 'u32' to 'irrklang::ik_f32', possible loss of data
D:\Irrlicht\Lime\Sound.cpp(286,50): warning C4244: 'argument': conversion from 'u32' to 'irrklang::ik_f32', possible loss of data
  StaticMesh.cpp
D:\Irrlicht\Lime\EffectHandler.h(212,21): warning C4305: 'initializing': truncation from 'double' to 'irr::f32'
  (compiling source file 'StaticMesh.cpp')
  
D:\Irrlicht\Lime\EffectHandler.h(311,21): warning C4018: '<': signed/unsigned mismatch
  (compiling source file 'StaticMesh.cpp')
  
D:\Irrlicht\Lime\StaticMesh.cpp(135,39): warning C4018: '>=': signed/unsigned mismatch
D:\Irrlicht\Lime\StaticMesh.cpp(194,12): warning C4244: 'return': conversion from 'irr::f32' to 'int', possible loss of data
D:\Irrlicht\Lime\StaticMesh.cpp(199,35): warning C4244: 'argument': conversion from 'int' to 'irr::f32', possible loss of data
D:\Irrlicht\Lime\StaticMesh.cpp(295,90): warning C4244: 'argument': conversion from 'irr::u32' to 'float', possible loss of data
D:\Irrlicht\Lime\StaticMesh.cpp(295,71): warning C4244: 'argument': conversion from 'irr::u32' to 'float', possible loss of data
D:\Irrlicht\Lime\StaticMesh.cpp(295,53): warning C4244: 'argument': conversion from 'irr::u32' to 'float', possible loss of data
D:\Irrlicht\Lime\StaticMesh.cpp(295,34): warning C4244: 'argument': conversion from 'irr::u32' to 'float', possible loss of data
D:\Irrlicht\Lime\StaticMesh.cpp(299,57): warning C4244: 'argument': conversion from 'const float' to 'irr::u32', possible loss of data
D:\Irrlicht\Lime\StaticMesh.cpp(299,50): warning C4244: 'argument': conversion from 'const float' to 'irr::u32', possible loss of data
D:\Irrlicht\Lime\StaticMesh.cpp(299,43): warning C4244: 'argument': conversion from 'const float' to 'irr::u32', possible loss of data
D:\Irrlicht\Lime\StaticMesh.cpp(299,36): warning C4244: 'argument': conversion from 'const float' to 'irr::u32', possible loss of data
  LegacyLight.cpp
D:\Irrlicht\Lime\EffectHandler.h(212,21): warning C4305: 'initializing': truncation from 'double' to 'irr::f32'
  (compiling source file 'LegacyLight.cpp')
  
D:\Irrlicht\Lime\EffectHandler.h(311,21): warning C4018: '<': signed/unsigned mismatch
  (compiling source file 'LegacyLight.cpp')
  
D:\Irrlicht\Lime\DrawSphere.h(19,19): warning C4267: 'initializing': conversion from 'size_t' to 'u32', possible loss of data
  (compiling source file 'LegacyLight.cpp')
  
D:\Irrlicht\Lime\DrawSphere.h(24,19): warning C4244: 'initializing': conversion from 'double' to 'float', possible loss of data
  (compiling source file 'LegacyLight.cpp')
  
D:\Irrlicht\Lime\DrawSphere.h(27,25): warning C4244: 'initializing': conversion from 'double' to 'float', possible loss of data
  (compiling source file 'LegacyLight.cpp')
  
D:\Irrlicht\Lime\DrawSphere.h(39,23): warning C4267: 'initializing': conversion from 'size_t' to 'u32', possible loss of data
  (compiling source file 'LegacyLight.cpp')
  
D:\Irrlicht\Lime\DrawSphere.h(43,25): warning C4244: 'initializing': conversion from 'double' to 'float', possible loss of data
  (compiling source file 'LegacyLight.cpp')
  
D:\Irrlicht\Lime\DrawSphere.h(53,21): warning C4267: 'initializing': conversion from 'size_t' to 'u32', possible loss of data
  (compiling source file 'LegacyLight.cpp')
  
D:\Irrlicht\Lime\DrawSphere.h(56,19): warning C4244: 'initializing': conversion from 'double' to 'float', possible loss of data
  (compiling source file 'LegacyLight.cpp')
  
D:\Irrlicht\Lime\DrawSphere.h(59,25): warning C4244: 'initializing': conversion from 'double' to 'float', possible loss of data
  (compiling source file 'LegacyLight.cpp')
  
D:\Irrlicht\Lime\DrawSphere.h(112,40): warning C4267: 'argument': conversion from 'size_t' to 'irr::u32', possible loss of data
  (compiling source file 'LegacyLight.cpp')
  
D:\Irrlicht\Lime\DrawSphere.h(111,67): warning C4267: 'argument': conversion from 'size_t' to 'irr::u32', possible loss of data
  (compiling source file 'LegacyLight.cpp')
  
D:\Irrlicht\Lime\DrawSphere.h(126,19): warning C4244: 'initializing': conversion from 'double' to 'float', possible loss of data
  (compiling source file 'LegacyLight.cpp')
  
D:\Irrlicht\Lime\DrawSphere.h(128,25): warning C4244: 'initializing': conversion from 'double' to 'float', possible loss of data
  (compiling source file 'LegacyLight.cpp')
  
D:\Irrlicht\Lime\DrawSphere.h(143,25): warning C4244: 'initializing': conversion from 'double' to 'float', possible loss of data
  (compiling source file 'LegacyLight.cpp')
  
D:\Irrlicht\Lime\DrawSphere.h(154,19): warning C4244: 'initializing': conversion from 'double' to 'float', possible loss of data
  (compiling source file 'LegacyLight.cpp')
  
D:\Irrlicht\Lime\DrawSphere.h(156,25): warning C4244: 'initializing': conversion from 'double' to 'float', possible loss of data
  (compiling source file 'LegacyLight.cpp')
  
D:\Irrlicht\Lime\DebugVisual.h(128,27): warning C4305: 'initializing': truncation from 'double' to 'float'
  (compiling source file 'LegacyLight.cpp')
  
D:\Irrlicht\Lime\LegacyLight.cpp(6,83): warning C4244: 'argument': conversion from 'double' to 'irr::f32', possible loss of data
D:\Irrlicht\Lime\LegacyLight.cpp(6,66): warning C4244: 'argument': conversion from 'double' to 'irr::f32', possible loss of data
D:\Irrlicht\Lime\LegacyLight.cpp(6,49): warning C4244: 'argument': conversion from 'double' to 'irr::f32', possible loss of data
D:\Irrlicht\Lime\LegacyLight.cpp(6,32): warning C4244: 'argument': conversion from 'double' to 'irr::f32', possible loss of data
D:\Irrlicht\Lime\LegacyLight.cpp(47,88): warning C4244: 'argument': conversion from 'double' to 'float', possible loss of data
D:\Irrlicht\Lime\LegacyLight.cpp(47,66): warning C4244: 'argument': conversion from 'double' to 'float', possible loss of data
D:\Irrlicht\Lime\LegacyLight.cpp(47,45): warning C4244: 'argument': conversion from 'double' to 'float', possible loss of data
D:\Irrlicht\Lime\LegacyLight.cpp(47,23): warning C4244: 'argument': conversion from 'double' to 'float', possible loss of data
D:\Irrlicht\Lime\LegacyLight.cpp(54,100): warning C4244: 'argument': conversion from 'double' to 'irr::f32', possible loss of data
D:\Irrlicht\Lime\LegacyLight.cpp(54,85): warning C4244: 'argument': conversion from 'double' to 'irr::f32', possible loss of data
D:\Irrlicht\Lime\LegacyLight.cpp(54,70): warning C4244: 'argument': conversion from 'double' to 'irr::f32', possible loss of data
D:\Irrlicht\Lime\LegacyLight.cpp(54,55): warning C4244: 'argument': conversion from 'double' to 'irr::f32', possible loss of data
D:\Irrlicht\Lime\LegacyLight.cpp(60,88): warning C4244: 'argument': conversion from 'double' to 'float', possible loss of data
D:\Irrlicht\Lime\LegacyLight.cpp(60,66): warning C4244: 'argument': conversion from 'double' to 'float', possible loss of data
D:\Irrlicht\Lime\LegacyLight.cpp(60,45): warning C4244: 'argument': conversion from 'double' to 'float', possible loss of data
D:\Irrlicht\Lime\LegacyLight.cpp(60,23): warning C4244: 'argument': conversion from 'double' to 'float', possible loss of data
D:\Irrlicht\Lime\LegacyLight.cpp(67,100): warning C4244: 'argument': conversion from 'double' to 'irr::f32', possible loss of data
D:\Irrlicht\Lime\LegacyLight.cpp(67,85): warning C4244: 'argument': conversion from 'double' to 'irr::f32', possible loss of data
D:\Irrlicht\Lime\LegacyLight.cpp(67,70): warning C4244: 'argument': conversion from 'double' to 'irr::f32', possible loss of data
D:\Irrlicht\Lime\LegacyLight.cpp(67,55): warning C4244: 'argument': conversion from 'double' to 'irr::f32', possible loss of data
D:\Irrlicht\Lime\LegacyLight.cpp(73,88): warning C4244: 'argument': conversion from 'double' to 'float', possible loss of data
D:\Irrlicht\Lime\LegacyLight.cpp(73,66): warning C4244: 'argument': conversion from 'double' to 'float', possible loss of data
D:\Irrlicht\Lime\LegacyLight.cpp(73,45): warning C4244: 'argument': conversion from 'double' to 'float', possible loss of data
D:\Irrlicht\Lime\LegacyLight.cpp(73,23): warning C4244: 'argument': conversion from 'double' to 'float', possible loss of data
D:\Irrlicht\Lime\LegacyLight.cpp(80,101): warning C4244: 'argument': conversion from 'double' to 'irr::f32', possible loss of data
D:\Irrlicht\Lime\LegacyLight.cpp(80,86): warning C4244: 'argument': conversion from 'double' to 'irr::f32', possible loss of data
D:\Irrlicht\Lime\LegacyLight.cpp(80,71): warning C4244: 'argument': conversion from 'double' to 'irr::f32', possible loss of data
D:\Irrlicht\Lime\LegacyLight.cpp(80,56): warning C4244: 'argument': conversion from 'double' to 'irr::f32', possible loss of data
D:\Irrlicht\Lime\LegacyLight.cpp(107,9): warning C4244: 'return': conversion from 'double' to 'float', possible loss of data
D:\Irrlicht\Lime\LegacyLight.cpp(128,9): warning C4244: 'return': conversion from 'double' to 'float', possible loss of data
  Text2D.cpp
D:\Irrlicht\Lime\EffectHandler.h(212,21): warning C4305: 'initializing': truncation from 'double' to 'irr::f32'
  (compiling source file 'Text2D.cpp')
  
D:\Irrlicht\Lime\EffectHandler.h(311,21): warning C4018: '<': signed/unsigned mismatch
  (compiling source file 'Text2D.cpp')
  
D:\Irrlicht\Lime\Text2D.cpp(10,158): warning C4244: 'argument': conversion from 'float' to 'T', possible loss of data
D:\Irrlicht\Lime\Text2D.cpp(10,158): warning C4244:         with
D:\Irrlicht\Lime\Text2D.cpp(10,158): warning C4244:         [
D:\Irrlicht\Lime\Text2D.cpp(10,158): warning C4244:             T=irr::s32
D:\Irrlicht\Lime\Text2D.cpp(10,158): warning C4244:         ]
D:\Irrlicht\Lime\Text2D.cpp(10,136): warning C4244: 'argument': conversion from 'float' to 'T', possible loss of data
D:\Irrlicht\Lime\Text2D.cpp(10,136): warning C4244:         with
D:\Irrlicht\Lime\Text2D.cpp(10,136): warning C4244:         [
D:\Irrlicht\Lime\Text2D.cpp(10,136): warning C4244:             T=irr::s32
D:\Irrlicht\Lime\Text2D.cpp(10,136): warning C4244:         ]
D:\Irrlicht\Lime\Text2D.cpp(10,104): warning C4244: 'argument': conversion from 'const float' to 'T', possible loss of data
D:\Irrlicht\Lime\Text2D.cpp(10,104): warning C4244:         with
D:\Irrlicht\Lime\Text2D.cpp(10,104): warning C4244:         [
D:\Irrlicht\Lime\Text2D.cpp(10,104): warning C4244:             T=irr::s32
D:\Irrlicht\Lime\Text2D.cpp(10,104): warning C4244:         ]
D:\Irrlicht\Lime\Text2D.cpp(10,97): warning C4244: 'argument': conversion from 'const float' to 'T', possible loss of data
D:\Irrlicht\Lime\Text2D.cpp(10,97): warning C4244:         with
D:\Irrlicht\Lime\Text2D.cpp(10,97): warning C4244:         [
D:\Irrlicht\Lime\Text2D.cpp(10,97): warning C4244:             T=irr::s32
D:\Irrlicht\Lime\Text2D.cpp(10,97): warning C4244:         ]
D:\Irrlicht\Lime\Text2D.cpp(64,84): warning C4244: 'argument': conversion from 'T' to 'float', possible loss of data
D:\Irrlicht\Lime\Text2D.cpp(64,84): warning C4244:         with
D:\Irrlicht\Lime\Text2D.cpp(64,84): warning C4244:         [
D:\Irrlicht\Lime\Text2D.cpp(64,84): warning C4244:             T=irr::s32
D:\Irrlicht\Lime\Text2D.cpp(64,84): warning C4244:         ]
D:\Irrlicht\Lime\Text2D.cpp(64,40): warning C4244: 'argument': conversion from 'T' to 'float', possible loss of data
D:\Irrlicht\Lime\Text2D.cpp(64,40): warning C4244:         with
D:\Irrlicht\Lime\Text2D.cpp(64,40): warning C4244:         [
D:\Irrlicht\Lime\Text2D.cpp(64,40): warning C4244:             T=irr::s32
D:\Irrlicht\Lime\Text2D.cpp(64,40): warning C4244:         ]
D:\Irrlicht\Lime\Text2D.cpp(72,46): warning C4244: '=': conversion from 'float' to 'T', possible loss of data
D:\Irrlicht\Lime\Text2D.cpp(72,46): warning C4244:         with
D:\Irrlicht\Lime\Text2D.cpp(72,46): warning C4244:         [
D:\Irrlicht\Lime\Text2D.cpp(72,46): warning C4244:             T=irr::s32
D:\Irrlicht\Lime\Text2D.cpp(72,46): warning C4244:         ]
D:\Irrlicht\Lime\Text2D.cpp(73,46): warning C4244: '=': conversion from 'float' to 'T', possible loss of data
D:\Irrlicht\Lime\Text2D.cpp(73,46): warning C4244:         with
D:\Irrlicht\Lime\Text2D.cpp(73,46): warning C4244:         [
D:\Irrlicht\Lime\Text2D.cpp(73,46): warning C4244:             T=irr::s32
D:\Irrlicht\Lime\Text2D.cpp(73,46): warning C4244:         ]
D:\Irrlicht\Lime\Text2D.cpp(90,54): warning C4244: 'argument': conversion from 'const float' to 'const T', possible loss of data
D:\Irrlicht\Lime\Text2D.cpp(90,54): warning C4244:         with
D:\Irrlicht\Lime\Text2D.cpp(90,54): warning C4244:         [
D:\Irrlicht\Lime\Text2D.cpp(90,54): warning C4244:             T=irr::u32
D:\Irrlicht\Lime\Text2D.cpp(90,54): warning C4244:         ]
D:\Irrlicht\Lime\Text2D.cpp(90,47): warning C4244: 'argument': conversion from 'const float' to 'const T', possible loss of data
D:\Irrlicht\Lime\Text2D.cpp(90,47): warning C4244:         with
D:\Irrlicht\Lime\Text2D.cpp(90,47): warning C4244:         [
D:\Irrlicht\Lime\Text2D.cpp(90,47): warning C4244:             T=irr::u32
D:\Irrlicht\Lime\Text2D.cpp(90,47): warning C4244:         ]
D:\Irrlicht\Lime\Text2D.cpp(112,174): warning C4244: 'argument': conversion from 'irr::u32' to 'float', possible loss of data
D:\Irrlicht\Lime\Text2D.cpp(112,135): warning C4244: 'argument': conversion from 'irr::u32' to 'float', possible loss of data
D:\Irrlicht\Lime\Text2D.cpp(112,97): warning C4244: 'argument': conversion from 'irr::u32' to 'float', possible loss of data
D:\Irrlicht\Lime\Text2D.cpp(112,58): warning C4244: 'argument': conversion from 'irr::u32' to 'float', possible loss of data
D:\Irrlicht\Lime\Text2D.cpp(117,71): warning C4244: 'argument': conversion from 'const float' to 'irr::u32', possible loss of data
D:\Irrlicht\Lime\Text2D.cpp(117,64): warning C4244: 'argument': conversion from 'const float' to 'irr::u32', possible loss of data
D:\Irrlicht\Lime\Text2D.cpp(117,57): warning C4244: 'argument': conversion from 'const float' to 'irr::u32', possible loss of data
D:\Irrlicht\Lime\Text2D.cpp(117,50): warning C4244: 'argument': conversion from 'const float' to 'irr::u32', possible loss of data
D:\Irrlicht\Lime\Text2D.cpp(121,166): warning C4244: 'argument': conversion from 'irr::u32' to 'float', possible loss of data
D:\Irrlicht\Lime\Text2D.cpp(121,129): warning C4244: 'argument': conversion from 'irr::u32' to 'float', possible loss of data
D:\Irrlicht\Lime\Text2D.cpp(121,93): warning C4244: 'argument': conversion from 'irr::u32' to 'float', possible loss of data
D:\Irrlicht\Lime\Text2D.cpp(121,56): warning C4244: 'argument': conversion from 'irr::u32' to 'float', possible loss of data
D:\Irrlicht\Lime\Text2D.cpp(126,69): warning C4244: 'argument': conversion from 'const float' to 'irr::u32', possible loss of data
D:\Irrlicht\Lime\Text2D.cpp(126,62): warning C4244: 'argument': conversion from 'const float' to 'irr::u32', possible loss of data
D:\Irrlicht\Lime\Text2D.cpp(126,55): warning C4244: 'argument': conversion from 'const float' to 'irr::u32', possible loss of data
D:\Irrlicht\Lime\Text2D.cpp(126,48): warning C4244: 'argument': conversion from 'const float' to 'irr::u32', possible loss of data
D:\Irrlicht\Lime\Text2D.cpp(148,109): warning C4244: 'argument': conversion from 'T' to 'float', possible loss of data
D:\Irrlicht\Lime\Text2D.cpp(148,109): warning C4244:         with
D:\Irrlicht\Lime\Text2D.cpp(148,109): warning C4244:         [
D:\Irrlicht\Lime\Text2D.cpp(148,109): warning C4244:             T=irr::s32
D:\Irrlicht\Lime\Text2D.cpp(148,109): warning C4244:         ]
D:\Irrlicht\Lime\Text2D.cpp(148,62): warning C4244: 'argument': conversion from 'T' to 'float', possible loss of data
D:\Irrlicht\Lime\Text2D.cpp(148,62): warning C4244:         with
D:\Irrlicht\Lime\Text2D.cpp(148,62): warning C4244:         [
D:\Irrlicht\Lime\Text2D.cpp(148,62): warning C4244:             T=irr::s32
D:\Irrlicht\Lime\Text2D.cpp(148,62): warning C4244:         ]
D:\Irrlicht\Lime\Text2D.cpp(154,62): warning C4244: 'argument': conversion from 'const float' to 'T', possible loss of data
D:\Irrlicht\Lime\Text2D.cpp(154,62): warning C4244:         with
D:\Irrlicht\Lime\Text2D.cpp(154,62): warning C4244:         [
D:\Irrlicht\Lime\Text2D.cpp(154,62): warning C4244:             T=irr::s32
D:\Irrlicht\Lime\Text2D.cpp(154,62): warning C4244:         ]
D:\Irrlicht\Lime\Text2D.cpp(154,55): warning C4244: 'argument': conversion from 'const float' to 'T', possible loss of data
D:\Irrlicht\Lime\Text2D.cpp(154,55): warning C4244:         with
D:\Irrlicht\Lime\Text2D.cpp(154,55): warning C4244:         [
D:\Irrlicht\Lime\Text2D.cpp(154,55): warning C4244:             T=irr::s32
D:\Irrlicht\Lime\Text2D.cpp(154,55): warning C4244:         ]
  Compiling...
  Text3D.cpp
D:\Irrlicht\Lime\EffectHandler.h(212,21): warning C4305: 'initializing': truncation from 'double' to 'irr::f32'
  (compiling source file 'Text3D.cpp')
  
D:\Irrlicht\Lime\EffectHandler.h(311,21): warning C4018: '<': signed/unsigned mismatch
  (compiling source file 'Text3D.cpp')
  
D:\Irrlicht\Lime\Text3D.cpp(69,84): warning C4244: 'argument': conversion from 'irr::u32' to 'float', possible loss of data
D:\Irrlicht\Lime\Text3D.cpp(69,66): warning C4244: 'argument': conversion from 'irr::u32' to 'float', possible loss of data
D:\Irrlicht\Lime\Text3D.cpp(69,49): warning C4244: 'argument': conversion from 'irr::u32' to 'float', possible loss of data
D:\Irrlicht\Lime\Text3D.cpp(69,31): warning C4244: 'argument': conversion from 'irr::u32' to 'float', possible loss of data
D:\Irrlicht\Lime\Text3D.cpp(75,54): warning C4244: 'argument': conversion from 'const float' to 'irr::u32', possible loss of data
D:\Irrlicht\Lime\Text3D.cpp(75,47): warning C4244: 'argument': conversion from 'const float' to 'irr::u32', possible loss of data
D:\Irrlicht\Lime\Text3D.cpp(75,40): warning C4244: 'argument': conversion from 'const float' to 'irr::u32', possible loss of data
D:\Irrlicht\Lime\Text3D.cpp(75,33): warning C4244: 'argument': conversion from 'const float' to 'irr::u32', possible loss of data
  Texture.cpp
D:\Irrlicht\Lime\EffectHandler.h(212,21): warning C4305: 'initializing': truncation from 'double' to 'irr::f32'
  (compiling source file 'Texture.cpp')
  
D:\Irrlicht\Lime\EffectHandler.h(311,21): warning C4018: '<': signed/unsigned mismatch
  (compiling source file 'Texture.cpp')
  
D:\Irrlicht\Lime\Texture.cpp(8,67): warning C4244: 'argument': conversion from 'const float' to 'const T', possible loss of data
D:\Irrlicht\Lime\Texture.cpp(8,67): warning C4244:         with
D:\Irrlicht\Lime\Texture.cpp(8,67): warning C4244:         [
D:\Irrlicht\Lime\Texture.cpp(8,67): warning C4244:             T=irr::u32
D:\Irrlicht\Lime\Texture.cpp(8,67): warning C4244:         ]
D:\Irrlicht\Lime\Texture.cpp(8,59): warning C4244: 'argument': conversion from 'const float' to 'const T', possible loss of data
D:\Irrlicht\Lime\Texture.cpp(8,59): warning C4244:         with
D:\Irrlicht\Lime\Texture.cpp(8,59): warning C4244:         [
D:\Irrlicht\Lime\Texture.cpp(8,59): warning C4244:             T=irr::u32
D:\Irrlicht\Lime\Texture.cpp(8,59): warning C4244:         ]
D:\Irrlicht\Lime\Texture.cpp(30,67): warning C4244: 'argument': conversion from 'const float' to 'const T', possible loss of data
D:\Irrlicht\Lime\Texture.cpp(30,67): warning C4244:         with
D:\Irrlicht\Lime\Texture.cpp(30,67): warning C4244:         [
D:\Irrlicht\Lime\Texture.cpp(30,67): warning C4244:             T=irr::u32
D:\Irrlicht\Lime\Texture.cpp(30,67): warning C4244:         ]
D:\Irrlicht\Lime\Texture.cpp(30,59): warning C4244: 'argument': conversion from 'const float' to 'const T', possible loss of data
D:\Irrlicht\Lime\Texture.cpp(30,59): warning C4244:         with
D:\Irrlicht\Lime\Texture.cpp(30,59): warning C4244:         [
D:\Irrlicht\Lime\Texture.cpp(30,59): warning C4244:             T=irr::u32
D:\Irrlicht\Lime\Texture.cpp(30,59): warning C4244:         ]
D:\Irrlicht\Lime\Texture.cpp(39,72): warning C4244: 'argument': conversion from 'const float' to 'T', possible loss of data
D:\Irrlicht\Lime\Texture.cpp(39,72): warning C4244:         with
D:\Irrlicht\Lime\Texture.cpp(39,72): warning C4244:         [
D:\Irrlicht\Lime\Texture.cpp(39,72): warning C4244:             T=irr::s32
D:\Irrlicht\Lime\Texture.cpp(39,72): warning C4244:         ]
D:\Irrlicht\Lime\Texture.cpp(39,65): warning C4244: 'argument': conversion from 'const float' to 'T', possible loss of data
D:\Irrlicht\Lime\Texture.cpp(39,65): warning C4244:         with
D:\Irrlicht\Lime\Texture.cpp(39,65): warning C4244:         [
D:\Irrlicht\Lime\Texture.cpp(39,65): warning C4244:             T=irr::s32
D:\Irrlicht\Lime\Texture.cpp(39,65): warning C4244:         ]
D:\Irrlicht\Lime\Texture.cpp(54,43): warning C4244: 'argument': conversion from 'const float' to 'T', possible loss of data
D:\Irrlicht\Lime\Texture.cpp(54,43): warning C4244:         with
D:\Irrlicht\Lime\Texture.cpp(54,43): warning C4244:         [
D:\Irrlicht\Lime\Texture.cpp(54,43): warning C4244:             T=irr::s32
D:\Irrlicht\Lime\Texture.cpp(54,43): warning C4244:         ]
D:\Irrlicht\Lime\Texture.cpp(54,36): warning C4244: 'argument': conversion from 'const float' to 'T', possible loss of data
D:\Irrlicht\Lime\Texture.cpp(54,36): warning C4244:         with
D:\Irrlicht\Lime\Texture.cpp(54,36): warning C4244:         [
D:\Irrlicht\Lime\Texture.cpp(54,36): warning C4244:             T=irr::s32
D:\Irrlicht\Lime\Texture.cpp(54,36): warning C4244:         ]
D:\Irrlicht\Lime\Texture.cpp(64,43): warning C4244: 'argument': conversion from 'const float' to 'T', possible loss of data
D:\Irrlicht\Lime\Texture.cpp(64,43): warning C4244:         with
D:\Irrlicht\Lime\Texture.cpp(64,43): warning C4244:         [
D:\Irrlicht\Lime\Texture.cpp(64,43): warning C4244:             T=irr::s32
D:\Irrlicht\Lime\Texture.cpp(64,43): warning C4244:         ]
D:\Irrlicht\Lime\Texture.cpp(64,36): warning C4244: 'argument': conversion from 'const float' to 'T', possible loss of data
D:\Irrlicht\Lime\Texture.cpp(64,36): warning C4244:         with
D:\Irrlicht\Lime\Texture.cpp(64,36): warning C4244:         [
D:\Irrlicht\Lime\Texture.cpp(64,36): warning C4244:             T=irr::s32
D:\Irrlicht\Lime\Texture.cpp(64,36): warning C4244:         ]
  Trail.cpp
D:\Irrlicht\Lime\EffectHandler.h(212,21): warning C4305: 'initializing': truncation from 'double' to 'irr::f32'
  (compiling source file 'Trail.cpp')
  
D:\Irrlicht\Lime\EffectHandler.h(311,21): warning C4018: '<': signed/unsigned mismatch
  (compiling source file 'Trail.cpp')
  
  Vector3D.cpp
D:\Irrlicht\Lime\EffectHandler.h(212,21): warning C4305: 'initializing': truncation from 'double' to 'irr::f32'
  (compiling source file 'Vector3D.cpp')
  
D:\Irrlicht\Lime\EffectHandler.h(311,21): warning C4018: '<': signed/unsigned mismatch
  (compiling source file 'Vector3D.cpp')
  
D:\Irrlicht\Lime\Vector3D.cpp(71,16): warning C4244: 'initializing': conversion from 'double' to 'float', possible loss of data
D:\Irrlicht\Lime\Vector3D.cpp(72,16): warning C4244: 'initializing': conversion from 'double' to 'float', possible loss of data
D:\Irrlicht\Lime\Vector3D.cpp(77,16): warning C4244: 'initializing': conversion from 'double' to 'float', possible loss of data
D:\Irrlicht\Lime\Vector3D.cpp(78,16): warning C4244: 'initializing': conversion from 'double' to 'float', possible loss of data
D:\Irrlicht\Lime\Vector3D.cpp(83,16): warning C4244: 'initializing': conversion from 'double' to 'float', possible loss of data
D:\Irrlicht\Lime\Vector3D.cpp(84,16): warning C4244: 'initializing': conversion from 'double' to 'float', possible loss of data
D:\Irrlicht\Lime\Vector3D.cpp(88,26): warning C4244: '=': conversion from 'double' to 'float', possible loss of data
D:\Irrlicht\Lime\Vector3D.cpp(89,26): warning C4244: '=': conversion from 'double' to 'float', possible loss of data
D:\Irrlicht\Lime\Vector3D.cpp(90,22): warning C4244: '=': conversion from 'double' to 'float', possible loss of data
D:\Irrlicht\Lime\Vector3D.cpp(97,57): warning C4244: 'argument': conversion from 'double' to 'float', possible loss of data
D:\Irrlicht\Lime\Vector3D.cpp(97,43): warning C4244: 'argument': conversion from 'double' to 'float', possible loss of data
D:\Irrlicht\Lime\Vector3D.cpp(97,29): warning C4244: 'argument': conversion from 'double' to 'float', possible loss of data
D:\Irrlicht\Lime\Vector3D.cpp(102,56): warning C4244: 'argument': conversion from 'double' to 'float', possible loss of data
D:\Irrlicht\Lime\Vector3D.cpp(102,42): warning C4244: 'argument': conversion from 'double' to 'float', possible loss of data
D:\Irrlicht\Lime\Vector3D.cpp(102,28): warning C4244: 'argument': conversion from 'double' to 'float', possible loss of data
  Vector4D.cpp
D:\Irrlicht\Lime\EffectHandler.h(212,21): warning C4305: 'initializing': truncation from 'double' to 'irr::f32'
  (compiling source file 'Vector4D.cpp')
  
D:\Irrlicht\Lime\EffectHandler.h(311,21): warning C4018: '<': signed/unsigned mismatch
  (compiling source file 'Vector4D.cpp')
  
  WaterMesh.cpp
D:\Irrlicht\Lime\EffectHandler.h(212,21): warning C4305: 'initializing': truncation from 'double' to 'irr::f32'
  (compiling source file 'WaterMesh.cpp')
  
D:\Irrlicht\Lime\EffectHandler.h(311,21): warning C4018: '<': signed/unsigned mismatch
  (compiling source file 'WaterMesh.cpp')
  
D:\Irrlicht\Lime\WaterMesh.cpp(72,54): warning C4244: 'argument': conversion from 'T' to 'const T', possible loss of data
D:\Irrlicht\Lime\WaterMesh.cpp(72,54): warning C4244:         with
D:\Irrlicht\Lime\WaterMesh.cpp(72,54): warning C4244:         [
D:\Irrlicht\Lime\WaterMesh.cpp(72,54): warning C4244:             T=irr::f32
D:\Irrlicht\Lime\WaterMesh.cpp(72,54): warning C4244:         ]
D:\Irrlicht\Lime\WaterMesh.cpp(72,54): warning C4244:         and
D:\Irrlicht\Lime\WaterMesh.cpp(72,54): warning C4244:         [
D:\Irrlicht\Lime\WaterMesh.cpp(72,54): warning C4244:             T=irr::u32
D:\Irrlicht\Lime\WaterMesh.cpp(72,54): warning C4244:         ]
D:\Irrlicht\Lime\WaterMesh.cpp(72,41): warning C4244: 'argument': conversion from 'T' to 'const T', possible loss of data
D:\Irrlicht\Lime\WaterMesh.cpp(72,41): warning C4244:         with
D:\Irrlicht\Lime\WaterMesh.cpp(72,41): warning C4244:         [
D:\Irrlicht\Lime\WaterMesh.cpp(72,41): warning C4244:             T=irr::f32
D:\Irrlicht\Lime\WaterMesh.cpp(72,41): warning C4244:         ]
D:\Irrlicht\Lime\WaterMesh.cpp(72,41): warning C4244:         and
D:\Irrlicht\Lime\WaterMesh.cpp(72,41): warning C4244:         [
D:\Irrlicht\Lime\WaterMesh.cpp(72,41): warning C4244:             T=irr::u32
D:\Irrlicht\Lime\WaterMesh.cpp(72,41): warning C4244:         ]
  Generating code
  5 of 40980 functions (<0.1%) were compiled, the rest were copied from previous compilation.
    0 functions were new in current compilation
    11 functions had inline decision re-evaluated but remain unchanged
  Finished generating code
  Lime.vcxproj -> D:\Irrlicht\Lime\x64\Release\Lime.exe
  'pwsh.exe' is not recognized as an internal or external command,
  operable program or batch file.
